0 verbose cli /usr/local/bin/node /usr/local/bin/npm
1 info using npm@9.5.0
2 info using node@v19.7.0
3 timing npm:load:whichnode Completed in 0ms
4 timing config:load:defaults Completed in 3ms
5 timing config:load:file:/usr/local/lib/node_modules/npm/npmrc Completed in 0ms
6 timing config:load:builtin Completed in 0ms
7 timing config:load:cli Completed in 1ms
8 timing config:load:env Completed in 0ms
9 timing config:load:project Completed in 0ms
10 timing config:load:file:/Users/suyashsrivastav/.npmrc Completed in 0ms
11 timing config:load:user Completed in 0ms
12 timing config:load:file:/usr/local/etc/npmrc Completed in 0ms
13 timing config:load:global Completed in 0ms
14 timing config:load:setEnvs Completed in 1ms
15 timing config:load Completed in 5ms
16 timing npm:load:configload Completed in 5ms
17 timing npm:load:mkdirpcache Completed in 0ms
18 timing npm:load:mkdirplogs Completed in 0ms
19 verbose title npm install
20 verbose argv "install"
21 timing npm:load:setTitle Completed in 5ms
22 timing config:load:flatten Completed in 1ms
23 timing npm:load:display Completed in 1ms
24 verbose logfile logs-max:10 dir:/Users/suyashsrivastav/.npm/_logs/2023-07-09T21_36_33_704Z-
25 verbose logfile /Users/suyashsrivastav/.npm/_logs/2023-07-09T21_36_33_704Z-debug-0.log
26 timing npm:load:logFile Completed in 2ms
27 timing npm:load:timers Completed in 0ms
28 timing npm:load:configScope Completed in 0ms
29 timing npm:load Completed in 15ms
30 timing arborist:ctor Completed in 0ms
31 silly logfile start cleaning logs, removing 1 files
32 silly logfile done cleaning log files
33 timing idealTree:init Completed in 26ms
34 timing idealTree:userRequests Completed in 0ms
35 silly idealTree buildDeps
36 timing idealTree:#root Completed in 0ms
37 timing idealTree:buildDeps Completed in 0ms
38 timing idealTree:fixDepFlags Completed in 0ms
39 timing idealTree Completed in 28ms
40 verbose shrinkwrap failed to load node_modules/.package-lock.json out of date, updated: node_modules
41 timing reify:loadTrees Completed in 55ms
42 timing reify:diffTrees Completed in 3ms
43 silly reify moves {}
44 timing reify:retireShallow Completed in 1ms
45 timing reify:createSparse Completed in 0ms
46 timing reify:loadBundles Completed in 0ms
47 silly audit bulk request {
47 silly audit   '@babel/runtime': [ '7.21.0' ],
47 silly audit   '@cspotcode/source-map-support': [ '0.8.1' ],
47 silly audit   '@jridgewell/resolve-uri': [ '3.1.0' ],
47 silly audit   '@jridgewell/sourcemap-codec': [ '1.4.14' ],
47 silly audit   '@jridgewell/trace-mapping': [ '0.3.9' ],
47 silly audit   '@metaplex-foundation/beet': [ '0.7.1' ],
47 silly audit   '@metaplex-foundation/beet-solana': [ '0.4.0' ],
47 silly audit   'base-x': [ '4.0.0', '3.0.9' ],
47 silly audit   bs58: [ '5.0.0', '4.0.1' ],
47 silly audit   '@metaplex-foundation/cusper': [ '0.0.2' ],
47 silly audit   '@metaplex-foundation/mpl-token-metadata': [ '2.8.6' ],
47 silly audit   '@noble/ed25519': [ '1.7.3' ],
47 silly audit   '@noble/hashes': [ '1.2.0' ],
47 silly audit   '@noble/secp256k1': [ '1.7.1' ],
47 silly audit   '@solana/buffer-layout': [ '4.0.1' ],
47 silly audit   '@solana/buffer-layout-utils': [ '0.2.0' ],
47 silly audit   '@solana/spl-token': [ '0.3.7' ],
47 silly audit   '@solana/web3.js': [ '1.73.3' ],
47 silly audit   buffer: [ '6.0.1', '6.0.3' ],
47 silly audit   '@tsconfig/node10': [ '1.0.9' ],
47 silly audit   '@tsconfig/node12': [ '1.0.11' ],
47 silly audit   '@tsconfig/node14': [ '1.0.3' ],
47 silly audit   '@tsconfig/node16': [ '1.0.3' ],
47 silly audit   '@types/connect': [ '3.4.35' ],
47 silly audit   '@types/node': [ '18.14.2', '12.20.55' ],
47 silly audit   '@types/ws': [ '7.4.7' ],
47 silly audit   acorn: [ '8.8.2' ],
47 silly audit   'acorn-walk': [ '8.2.0' ],
47 silly audit   agentkeepalive: [ '4.2.1' ],
47 silly audit   ansicolors: [ '0.3.2' ],
47 silly audit   arg: [ '4.1.3' ],
47 silly audit   'base64-js': [ '1.5.1' ],
47 silly audit   'bigint-buffer': [ '1.1.5' ],
47 silly audit   'bignumber.js': [ '9.1.1' ],
47 silly audit   bindings: [ '1.5.0' ],
47 silly audit   'bn.js': [ '5.2.1' ],
47 silly audit   borsh: [ '0.7.0' ],
47 silly audit   bufferutil: [ '4.0.7' ],
47 silly audit   commander: [ '2.20.3' ],
47 silly audit   'create-require': [ '1.1.1' ],
47 silly audit   debug: [ '4.3.4' ],
47 silly audit   delay: [ '5.0.0' ],
47 silly audit   depd: [ '1.1.2' ],
47 silly audit   diff: [ '4.0.2' ],
47 silly audit   'es6-promise': [ '4.2.8' ],
47 silly audit   'es6-promisify': [ '5.0.0' ],
47 silly audit   eventemitter3: [ '4.0.7' ],
47 silly audit   eyes: [ '0.1.8' ],
47 silly audit   'fast-stable-stringify': [ '1.0.0' ],
47 silly audit   'file-uri-to-path': [ '1.0.0' ],
47 silly audit   'humanize-ms': [ '1.2.1' ],
47 silly audit   ieee754: [ '1.2.1' ],
47 silly audit   'isomorphic-ws': [ '4.0.1' ],
47 silly audit   jayson: [ '3.7.0' ],
47 silly audit   'json-stringify-safe': [ '5.0.1' ],
47 silly audit   jsonparse: [ '1.3.1' ],
47 silly audit   JSONStream: [ '1.3.5' ],
47 silly audit   lodash: [ '4.17.21' ],
47 silly audit   'make-error': [ '1.3.6' ],
47 silly audit   ms: [ '2.1.2' ],
47 silly audit   'node-fetch': [ '2.6.9' ],
47 silly audit   'node-gyp-build': [ '4.6.0' ],
47 silly audit   'regenerator-runtime': [ '0.13.11' ],
47 silly audit   'rpc-websockets': [ '7.5.1' ],
47 silly audit   ws: [ '8.12.1', '7.5.9' ],
47 silly audit   'safe-buffer': [ '5.2.1' ],
47 silly audit   superstruct: [ '0.14.2' ],
47 silly audit   'text-encoding-utf-8': [ '1.0.2' ],
47 silly audit   through: [ '2.3.8' ],
47 silly audit   tr46: [ '0.0.3' ],
47 silly audit   'ts-node': [ '10.9.1' ],
47 silly audit   typescript: [ '4.9.5' ],
47 silly audit   'utf-8-validate': [ '5.0.10' ],
47 silly audit   uuid: [ '8.3.2' ],
47 silly audit   'v8-compile-cache-lib': [ '3.0.1' ],
47 silly audit   'webidl-conversions': [ '3.0.1' ],
47 silly audit   'whatwg-url': [ '5.0.0' ],
47 silly audit   yn: [ '3.1.1' ]
47 silly audit }
48 timing reify:unpack Completed in 1ms
49 timing reify:unretire Completed in 0ms
50 timing build:queue Completed in 0ms
51 timing build:deps Completed in 0ms
52 timing build Completed in 0ms
53 timing reify:build Completed in 1ms
54 timing reify:trash Completed in 0ms
55 timing reify:save Completed in 8ms
56 http fetch POST 200 https://registry.npmjs.org/-/npm/v1/security/advisories/bulk 1510ms
57 timing auditReport:getReport Completed in 1513ms
58 silly audit report {}
59 timing auditReport:init Completed in 0ms
60 timing reify:audit Completed in 1513ms
61 timing reify Completed in 1574ms
62 timing command:install Completed in 1581ms
63 verbose exit 0
64 timing npm Completed in 1603ms
65 info ok
