0 verbose cli /usr/local/bin/node /usr/local/bin/npm
1 info using npm@9.8.1
2 info using node@v18.17.0
3 timing npm:load:whichnode Completed in 0ms
4 timing config:load:defaults Completed in 0ms
5 timing config:load:file:/usr/local/lib/node_modules/npm/npmrc Completed in 0ms
6 timing config:load:builtin Completed in 2ms
7 timing config:load:cli Completed in 2ms
8 timing config:load:env Completed in 0ms
9 timing config:load:file:/Users/suyashsrivastav/Library/Caches/typescript/5.4/.npmrc Completed in 0ms
10 timing config:load:project Completed in 5ms
11 timing config:load:file:/Users/suyashsrivastav/.npmrc Completed in 0ms
12 timing config:load:user Completed in 0ms
13 timing config:load:file:/usr/local/etc/npmrc Completed in 0ms
14 timing config:load:global Completed in 0ms
15 timing config:load:setEnvs Completed in 1ms
16 timing config:load Completed in 10ms
17 timing npm:load:configload Completed in 11ms
18 timing config:load:flatten Completed in 1ms
19 timing npm:load:mkdirpcache Completed in 0ms
20 timing npm:load:mkdirplogs Completed in 0ms
21 verbose title npm install @types/core-js@ts5.4 @types/babel__core@ts5.4 @types/eslint@ts5.4 @types/eslint-config-prettier@ts5.4 @types/eslint-plugin-prettier@ts5.4
22 verbose argv "install" "--ignore-scripts" "@types/core-js@ts5.4" "@types/babel__core@ts5.4" "@types/eslint@ts5.4" "@types/eslint-config-prettier@ts5.4" "@types/eslint-plugin-prettier@ts5.4" "--save-dev" "--user-agent" "typesInstaller/5.4.4"
23 timing npm:load:setTitle Completed in 6ms
24 timing npm:load:display Completed in 1ms
25 verbose logfile logs-max:10 dir:/Users/suyashsrivastav/.npm/_logs/2024-04-11T04_39_55_391Z-
26 verbose logfile /Users/suyashsrivastav/.npm/_logs/2024-04-11T04_39_55_391Z-debug-0.log
27 timing npm:load:logFile Completed in 5ms
28 timing npm:load:timers Completed in 0ms
29 timing npm:load:configScope Completed in 0ms
30 timing npm:load Completed in 33ms
31 timing arborist:ctor Completed in 1ms
32 timing idealTree:init Completed in 8ms
33 silly logfile start cleaning logs, removing 1 files
34 silly logfile done cleaning log files
35 timing arborist:ctor Completed in 0ms
36 http fetch GET 200 https://registry.npmjs.org/@types%2fcore-js 249ms (cache revalidated)
37 http fetch GET 200 https://registry.npmjs.org/@types%2fbabel__core 251ms (cache revalidated)
38 http fetch GET 200 https://registry.npmjs.org/@types%2feslint 258ms (cache revalidated)
39 http fetch GET 200 https://registry.npmjs.org/@types%2feslint-config-prettier 267ms (cache revalidated)
40 http fetch GET 200 https://registry.npmjs.org/@types%2feslint-plugin-prettier 1706ms (cache revalidated)
41 timing idealTree:userRequests Completed in 1710ms
42 silly idealTree buildDeps
43 silly fetch manifest @types/core-js@2.5.8
44 silly fetch manifest @types/babel__core@7.20.5
45 silly fetch manifest @types/eslint@8.56.7
46 silly fetch manifest @types/eslint-config-prettier@6.11.3
47 silly fetch manifest @types/eslint-plugin-prettier@3.1.3
48 silly placeDep ROOT @types/babel__core@7.20.5 OK for:  want: 7.20.5
49 silly fetch manifest @babel/parser@^7.20.7
50 silly fetch manifest @babel/types@^7.20.7
51 silly fetch manifest @types/babel__generator@*
52 silly fetch manifest @types/babel__template@*
53 silly fetch manifest @types/babel__traverse@*
54 silly placeDep ROOT @types/core-js@2.5.8 OK for:  want: 2.5.8
55 silly placeDep ROOT @types/eslint@8.56.7 OK for:  want: 8.56.7
56 silly fetch manifest @types/estree@*
57 silly fetch manifest @types/json-schema@*
58 silly placeDep ROOT @types/eslint-config-prettier@6.11.3 OK for:  want: 6.11.3
59 silly placeDep ROOT @types/eslint-plugin-prettier@3.1.3 OK for:  want: 3.1.3
60 http fetch GET 200 https://registry.npmjs.org/@types%2fbabel__template 92ms (cache revalidated)
61 http fetch GET 200 https://registry.npmjs.org/@types%2festree 106ms (cache revalidated)
62 http fetch GET 200 https://registry.npmjs.org/@babel%2fparser 167ms (cache revalidated)
63 http fetch GET 200 https://registry.npmjs.org/@types%2fjson-schema 194ms (cache revalidated)
64 http fetch GET 200 https://registry.npmjs.org/@types%2fbabel__traverse 348ms (cache revalidated)
65 http fetch GET 200 https://registry.npmjs.org/@types%2fbabel__generator 350ms (cache revalidated)
66 http fetch GET 200 https://registry.npmjs.org/@babel%2ftypes 351ms (cache revalidated)
67 timing idealTree:#root Completed in 363ms
68 silly placeDep ROOT @babel/parser@7.24.4 OK for: @types/babel__core@7.20.5 want: ^7.20.7
69 silly placeDep ROOT @babel/types@7.24.0 OK for: @types/babel__core@7.20.5 want: ^7.20.7
70 silly fetch manifest @babel/helper-string-parser@^7.23.4
71 silly fetch manifest @babel/helper-validator-identifier@^7.22.20
72 silly fetch manifest to-fast-properties@^2.0.0
73 silly placeDep ROOT @types/babel__generator@7.6.8 OK for: @types/babel__core@7.20.5 want: *
74 silly placeDep ROOT @types/babel__template@7.4.4 OK for: @types/babel__core@7.20.5 want: *
75 silly placeDep ROOT @types/babel__traverse@7.20.5 OK for: @types/babel__core@7.20.5 want: *
76 http fetch GET 200 https://registry.npmjs.org/to-fast-properties 78ms (cache revalidated)
77 http fetch GET 200 https://registry.npmjs.org/@babel%2fhelper-string-parser 82ms (cache revalidated)
78 http fetch GET 200 https://registry.npmjs.org/@babel%2fhelper-validator-identifier 108ms (cache revalidated)
79 timing idealTree:node_modules/@types/babel__core Completed in 116ms
80 timing idealTree:node_modules/@babel/parser Completed in 1ms
81 silly placeDep ROOT @babel/helper-string-parser@7.24.1 OK for: @babel/types@7.24.0 want: ^7.23.4
82 silly placeDep ROOT @babel/helper-validator-identifier@7.22.20 OK for: @babel/types@7.24.0 want: ^7.22.20
83 silly placeDep ROOT to-fast-properties@2.0.0 OK for: @babel/types@7.24.0 want: ^2.0.0
84 timing idealTree:node_modules/@babel/types Completed in 2ms
85 timing idealTree:node_modules/@babel/helper-string-parser Completed in 0ms
86 timing idealTree:node_modules/@babel/helper-validator-identifier Completed in 0ms
87 timing idealTree:node_modules/@types/babel__generator Completed in 0ms
88 timing idealTree:node_modules/@types/babel__template Completed in 0ms
89 timing idealTree:node_modules/@types/babel__traverse Completed in 0ms
90 timing idealTree:node_modules/@types/core-js Completed in 0ms
91 silly placeDep ROOT @types/estree@1.0.5 OK for: @types/eslint@8.56.7 want: *
92 silly placeDep ROOT @types/json-schema@7.0.15 OK for: @types/eslint@8.56.7 want: *
93 timing idealTree:node_modules/@types/eslint Completed in 1ms
94 timing idealTree:node_modules/@types/eslint-config-prettier Completed in 0ms
95 timing idealTree:node_modules/@types/eslint-plugin-prettier Completed in 0ms
96 timing idealTree:node_modules/@types/estree Completed in 0ms
97 timing idealTree:node_modules/@types/json-schema Completed in 0ms
98 timing idealTree:node_modules/to-fast-properties Completed in 0ms
99 timing idealTree:buildDeps Completed in 485ms
100 timing idealTree:fixDepFlags Completed in 1ms
101 timing idealTree Completed in 2205ms
102 timing reify:loadTrees Completed in 2205ms
103 timing reify:diffTrees Completed in 1ms
104 silly reify moves {}
105 timing reify:retireShallow Completed in 1ms
106 timing reify:createSparse Completed in 1ms
107 timing reify:loadBundles Completed in 0ms
108 silly audit bulk request {
108 silly audit   'types-registry': [ '0.1.684' ],
108 silly audit   '@types/babel__core': [ '7.20.5' ],
108 silly audit   '@types/core-js': [ '2.5.8' ],
108 silly audit   '@types/eslint': [ '8.56.7' ],
108 silly audit   '@types/eslint-config-prettier': [ '6.11.3' ],
108 silly audit   '@types/eslint-plugin-prettier': [ '3.1.3' ],
108 silly audit   '@babel/parser': [ '7.24.4' ],
108 silly audit   '@babel/types': [ '7.24.0' ],
108 silly audit   '@types/babel__generator': [ '7.6.8' ],
108 silly audit   '@types/babel__template': [ '7.4.4' ],
108 silly audit   '@types/babel__traverse': [ '7.20.5' ],
108 silly audit   '@babel/helper-string-parser': [ '7.24.1' ],
108 silly audit   '@babel/helper-validator-identifier': [ '7.22.20' ],
108 silly audit   'to-fast-properties': [ '2.0.0' ],
108 silly audit   '@types/estree': [ '1.0.5' ],
108 silly audit   '@types/json-schema': [ '7.0.15' ]
108 silly audit }
109 timing reifyNode:node_modules/@types/babel__generator Completed in 29ms
110 timing reifyNode:node_modules/to-fast-properties Completed in 30ms
111 timing reifyNode:node_modules/@types/babel__template Completed in 30ms
112 timing reifyNode:node_modules/@types/eslint-config-prettier Completed in 30ms
113 timing reifyNode:node_modules/@types/eslint-plugin-prettier Completed in 30ms
114 timing reifyNode:node_modules/@types/json-schema Completed in 31ms
115 timing reifyNode:node_modules/@types/estree Completed in 31ms
116 timing reifyNode:node_modules/@types/babel__core Completed in 31ms
117 timing reifyNode:node_modules/@babel/helper-string-parser Completed in 31ms
118 timing reifyNode:node_modules/@types/babel__traverse Completed in 31ms
119 timing reifyNode:node_modules/@types/core-js Completed in 31ms
120 timing reifyNode:node_modules/@babel/helper-validator-identifier Completed in 32ms
121 timing reifyNode:node_modules/@types/eslint Completed in 33ms
122 timing reifyNode:node_modules/@babel/parser Completed in 38ms
123 timing reifyNode:node_modules/@babel/types Completed in 52ms
124 timing reify:unpack Completed in 53ms
125 timing reify:unretire Completed in 0ms
126 timing build:queue Completed in 0ms
127 timing build:link:node_modules/@babel/parser Completed in 1ms
128 timing build:link Completed in 1ms
129 timing build:deps Completed in 1ms
130 timing build Completed in 1ms
131 timing reify:build Completed in 2ms
132 timing reify:trash Completed in 0ms
133 timing reify:save Completed in 4ms
134 http fetch POST 200 https://registry.npmjs.org/-/npm/v1/security/advisories/bulk 299ms
135 timing auditReport:getReport Completed in 300ms
136 silly audit report {}
137 timing auditReport:init Completed in 0ms
138 timing reify:audit Completed in 302ms
139 timing reify Completed in 2515ms
140 silly ADD node_modules/@types/json-schema
141 silly ADD node_modules/@types/estree
142 silly ADD node_modules/to-fast-properties
143 silly ADD node_modules/@babel/helper-validator-identifier
144 silly ADD node_modules/@babel/helper-string-parser
145 silly ADD node_modules/@types/babel__traverse
146 silly ADD node_modules/@types/babel__template
147 silly ADD node_modules/@types/babel__generator
148 silly ADD node_modules/@babel/types
149 silly ADD node_modules/@babel/parser
150 silly ADD node_modules/@types/eslint-plugin-prettier
151 silly ADD node_modules/@types/eslint-config-prettier
152 silly ADD node_modules/@types/eslint
153 silly ADD node_modules/@types/core-js
154 silly ADD node_modules/@types/babel__core
155 timing command:install Completed in 2518ms
156 verbose exit 0
157 timing npm Completed in 2651ms
158 info ok
